Performing C SOURCE FILE Test CMAKE_HAVE_LIBC_PTHREAD failed with the following output:
Change Dir: /home/apricot/Documents/GraduationProject/Geant4Work/scatteringRate/Pb10mm/build/CMakeFiles/CMakeTmp

Run Build Command(s):/usr/bin/make -f Makefile cmTC_598c4/fast && /usr/bin/make  -f CMakeFiles/cmTC_598c4.dir/build.make CMakeFiles/cmTC_598c4.dir/build
make[1]: 进入目录“/home/apricot/Documents/GraduationProject/Geant4Work/scatteringRate/Pb10mm/build/CMakeFiles/CMakeTmp”
Building C object CMakeFiles/cmTC_598c4.dir/src.c.o
/usr/bin/x86_64-pc-linux-gnu-gcc-11.1.0 -DCMAKE_HAVE_LIBC_PTHREAD   -o CMakeFiles/cmTC_598c4.dir/src.c.o -c /home/apricot/Documents/GraduationProject/Geant4Work/scatteringRate/Pb10mm/build/CMakeFiles/CMakeTmp/src.c
Linking C executable cmTC_598c4
/usr/bin/cmake -E cmake_link_script CMakeFiles/cmTC_598c4.dir/link.txt --verbose=1
/usr/bin/x86_64-pc-linux-gnu-gcc-11.1.0 CMakeFiles/cmTC_598c4.dir/src.c.o -o cmTC_598c4 
/usr/bin/ld: CMakeFiles/cmTC_598c4.dir/src.c.o: in function `main':
src.c:(.text+0x3e): undefined reference to `pthread_create'
/usr/bin/ld: src.c:(.text+0x4a): undefined reference to `pthread_detach'
/usr/bin/ld: src.c:(.text+0x56): undefined reference to `pthread_cancel'
/usr/bin/ld: src.c:(.text+0x67): undefined reference to `pthread_join'
collect2: 错误：ld 返回 1
make[1]: *** [CMakeFiles/cmTC_598c4.dir/build.make:99：cmTC_598c4] 错误 1
make[1]: 离开目录“/home/apricot/Documents/GraduationProject/Geant4Work/scatteringRate/Pb10mm/build/CMakeFiles/CMakeTmp”
make: *** [Makefile:127：cmTC_598c4/fast] 错误 2


Source file was:
#include <pthread.h>

static void* test_func(void* data)
{
  return data;
}

int main(void)
{
  pthread_t thread;
  pthread_create(&thread, NULL, test_func, NULL);
  pthread_detach(thread);
  pthread_cancel(thread);
  pthread_join(thread, NULL);
  pthread_atfork(NULL, NULL, NULL);
  pthread_exit(NULL);

  return 0;
}

Performing C SOURCE FILE Test CMAKE_HAVE_LIBC_PTHREAD failed with the following output:
Change Dir: /home/apricot/Documents/GraduationProject/Geant4Work/scatteringRate/Pb5mm/build/CMakeFiles/CMakeTmp

Run Build Command(s):/usr/bin/make -f Makefile cmTC_e1b6e/fast && /usr/bin/make  -f CMakeFiles/cmTC_e1b6e.dir/build.make CMakeFiles/cmTC_e1b6e.dir/build
make[1]: 进入目录“/home/apricot/Documents/GraduationProject/Geant4Work/scatteringRate/Pb5mm/build/CMakeFiles/CMakeTmp”
Building C object CMakeFiles/cmTC_e1b6e.dir/src.c.o
/usr/bin/cc -DCMAKE_HAVE_LIBC_PTHREAD   -o CMakeFiles/cmTC_e1b6e.dir/src.c.o -c /home/apricot/Documents/GraduationProject/Geant4Work/scatteringRate/Pb5mm/build/CMakeFiles/CMakeTmp/src.c
Linking C executable cmTC_e1b6e
/usr/bin/cmake -E cmake_link_script CMakeFiles/cmTC_e1b6e.dir/link.txt --verbose=1
/usr/bin/cc CMakeFiles/cmTC_e1b6e.dir/src.c.o -o cmTC_e1b6e 
/usr/bin/ld: CMakeFiles/cmTC_e1b6e.dir/src.c.o: in function `main':
src.c:(.text+0x3e): undefined reference to `pthread_create'
/usr/bin/ld: src.c:(.text+0x4a): undefined reference to `pthread_detach'
/usr/bin/ld: src.c:(.text+0x56): undefined reference to `pthread_cancel'
/usr/bin/ld: src.c:(.text+0x67): undefined reference to `pthread_join'
collect2: 错误：ld 返回 1
make[1]: *** [CMakeFiles/cmTC_e1b6e.dir/build.make:99：cmTC_e1b6e] 错误 1
make[1]: 离开目录“/home/apricot/Documents/GraduationProject/Geant4Work/scatteringRate/Pb5mm/build/CMakeFiles/CMakeTmp”
make: *** [Makefile:127：cmTC_e1b6e/fast] 错误 2


Source file was:
#include <pthread.h>

static void* test_func(void* data)
{
  return data;
}

int main(void)
{
  pthread_t thread;
  pthread_create(&thread, NULL, test_func, NULL);
  pthread_detach(thread);
  pthread_cancel(thread);
  pthread_join(thread, NULL);
  pthread_atfork(NULL, NULL, NULL);
  pthread_exit(NULL);

  return 0;
}

Performing C SOURCE FILE Test CMAKE_HAVE_LIBC_PTHREAD failed with the following output:
Change Dir: /home/apricot/Documents/GraduationProject/Geant4Work/scatteringRate/Pb5mm 副本/build/CMakeFiles/CMakeTmp

Run Build Command(s):/usr/bin/make -f Makefile cmTC_9e449/fast && /usr/bin/make  -f CMakeFiles/cmTC_9e449.dir/build.make CMakeFiles/cmTC_9e449.dir/build
make[1]: 进入目录“/home/apricot/Documents/GraduationProject/Geant4Work/scatteringRate/Pb5mm 副本/build/CMakeFiles/CMakeTmp”
Building C object CMakeFiles/cmTC_9e449.dir/src.c.o
/usr/bin/cc -DCMAKE_HAVE_LIBC_PTHREAD   -o CMakeFiles/cmTC_9e449.dir/src.c.o -c "/home/apricot/Documents/GraduationProject/Geant4Work/scatteringRate/Pb5mm 副本/build/CMakeFiles/CMakeTmp/src.c"
Linking C executable cmTC_9e449
/usr/bin/cmake -E cmake_link_script CMakeFiles/cmTC_9e449.dir/link.txt --verbose=1
/usr/bin/cc CMakeFiles/cmTC_9e449.dir/src.c.o -o cmTC_9e449 
/usr/bin/ld: CMakeFiles/cmTC_9e449.dir/src.c.o: in function `main':
src.c:(.text+0x3e): undefined reference to `pthread_create'
/usr/bin/ld: src.c:(.text+0x4a): undefined reference to `pthread_detach'
/usr/bin/ld: src.c:(.text+0x56): undefined reference to `pthread_cancel'
/usr/bin/ld: src.c:(.text+0x67): undefined reference to `pthread_join'
collect2: 错误：ld 返回 1
make[1]: *** [CMakeFiles/cmTC_9e449.dir/build.make:99：cmTC_9e449] 错误 1
make[1]: 离开目录“/home/apricot/Documents/GraduationProject/Geant4Work/scatteringRate/Pb5mm 副本/build/CMakeFiles/CMakeTmp”
make: *** [Makefile:127：cmTC_9e449/fast] 错误 2


Source file was:
#include <pthread.h>

static void* test_func(void* data)
{
  return data;
}

int main(void)
{
  pthread_t thread;
  pthread_create(&thread, NULL, test_func, NULL);
  pthread_detach(thread);
  pthread_cancel(thread);
  pthread_join(thread, NULL);
  pthread_atfork(NULL, NULL, NULL);
  pthread_exit(NULL);

  return 0;
}

