Performing C SOURCE FILE Test CMAKE_HAVE_LIBC_PTHREAD failed with the following output:
Change Dir: /home/apricot/Geant4Work/B1/build_Pb/CMakeFiles/CMakeTmp

Run Build Command(s):/usr/bin/make -f Makefile cmTC_6e6bf/fast && /usr/bin/make  -f CMakeFiles/cmTC_6e6bf.dir/build.make CMakeFiles/cmTC_6e6bf.dir/build
make[1]: 进入目录“/home/apricot/Geant4Work/B1/build_Pb/CMakeFiles/CMakeTmp”
Building C object CMakeFiles/cmTC_6e6bf.dir/src.c.o
/usr/bin/cc -DCMAKE_HAVE_LIBC_PTHREAD   -o CMakeFiles/cmTC_6e6bf.dir/src.c.o -c /home/apricot/Geant4Work/B1/build_Pb/CMakeFiles/CMakeTmp/src.c
Linking C executable cmTC_6e6bf
/usr/bin/cmake -E cmake_link_script CMakeFiles/cmTC_6e6bf.dir/link.txt --verbose=1
/usr/bin/cc CMakeFiles/cmTC_6e6bf.dir/src.c.o -o cmTC_6e6bf 
/usr/bin/ld: CMakeFiles/cmTC_6e6bf.dir/src.c.o: in function `main':
src.c:(.text+0x3e): undefined reference to `pthread_create'
/usr/bin/ld: src.c:(.text+0x4a): undefined reference to `pthread_detach'
/usr/bin/ld: src.c:(.text+0x56): undefined reference to `pthread_cancel'
/usr/bin/ld: src.c:(.text+0x67): undefined reference to `pthread_join'
collect2: 错误：ld 返回 1
make[1]: *** [CMakeFiles/cmTC_6e6bf.dir/build.make:99：cmTC_6e6bf] 错误 1
make[1]: 离开目录“/home/apricot/Geant4Work/B1/build_Pb/CMakeFiles/CMakeTmp”
make: *** [Makefile:127：cmTC_6e6bf/fast] 错误 2


Source file was:
#include <pthread.h>

static void* test_func(void* data)
{
  return data;
}

int main(void)
{
  pthread_t thread;
  pthread_create(&thread, NULL, test_func, NULL);
  pthread_detach(thread);
  pthread_cancel(thread);
  pthread_join(thread, NULL);
  pthread_atfork(NULL, NULL, NULL);
  pthread_exit(NULL);

  return 0;
}

